Arguments: 
  C:\Program Files\nodejs\node.exe C:\Users\DELL\AppData\Roaming\npm\node_modules\yarn\bin\yarn.js

PATH: 
  C:\Users\DELL\bin;C:\Program Files\Git\mingw64\bin;C:\Program Files\Git\usr\local\bin;C:\Program Files\Git\usr\bin;C:\Program Files\Git\usr\bin;C:\Program Files\Git\mingw64\bin;C:\Program Files\Git\usr\bin;C:\Users\DELL\bin;C:\Windows\system32;C:\Windows;C:\Windows\System32\Wbem;C:\Windows\System32\WindowsPowerShell\v1.0;C:\Windows\System32\OpenSSH;C:\Program Files\nodejs;C:\Program Files\PuTTY;C:\Program Files\Git\cmd;C:\Program Files\MySQL\MySQL Shell 8.0\bin;C:\Users\DELL\AppData\Local\Microsoft\WindowsApps;C:\Users\DELL\AppData\Local\Programs\Microsoft VS Code\bin;C:\Users\DELL\AppData\Roaming\npm;C:\Program Files\nodejs;C:\Users\DELL\AppData\Local\GitHubDesktop\bin;C:\Program Files\Git\usr\bin\vendor_perl;C:\Program Files\Git\usr\bin\core_perl

Yarn version: 
  1.22.10

Node version: 
  14.17.1

Platform: 
  win32 x64

Trace: 
  Error: EPERM: operation not permitted, unlink 'C:\Users\DELL\Documents\Personal\Backend\node_modules\bcrypt\lib\binding\napi-v3\bcrypt_lib.node'

npm manifest: 
  {
    "name": "backend",
    "version": "1.0.0",
    "description": "Backend of Disease predictor",
    "main": "index.js",
    "scripts": {
      "test": "test",
      "start": "nodemon index.js"
    },
    "author": "Rafay Abbas",
    "license": "ISC",
    "dependencies": {
      "bcrypt": "^5.0.1",
      "body-parser": "^1.19.0",
      "cors": "^2.8.5",
      "csv-parser": "^3.0.0",
      "decision-tree": "^0.3.7",
      "dotenv": "^10.0.0",
      "express": "^4.17.1",
      "jsonwebtoken": "^8.5.1",
      "mongoose": "^5.13.2"
    },
    "devDependencies": {
      "nodemon": "^2.0.9"
    }
  }

yarn manifest: 
  No manifest

Lockfile: 
  No lockfile
